<?xml version="1.0" encoding="UTF-8"?>
<!-- Generated by org.testng.reporters.JUnitXMLReporter -->
<testsuite hostname="PC" ignored="0" name="Book a Flight test chrome" tests="5" failures="0" timestamp="13 Feb 2018 09:45:57 GMT" time="83.461" errors="0">
  <testcase name="LaunchBrowser" time="13.226" classname="Test.BookFlight_Local"/>
  <testcase name="Register" time="26.897" classname="Test.BookFlight_Local"/>
  <testcase name="SignIn" time="2.64" classname="Test.BookFlight_Local"/>
  <testcase name="CreateFlight" time="39.133" classname="Test.BookFlight_Local"/>
  <testcase name="SignOff" time="0.891" classname="Test.BookFlight_Local"/>
</testsuite> <!-- Book a Flight test chrome -->
