<?xml version="1.0" encoding="UTF-8"?>
<!-- Generated by org.testng.reporters.JUnitXMLReporter -->
<testsuite hostname="PC" ignored="0" name="Book a Flight test firefox" tests="5" failures="0" timestamp="22 May 2018 22:52:20 GMT" time="89.905" errors="0">
  <testcase name="LaunchBrowser" time="28.18" classname="Test.BookFlight_Local"/>
  <testcase name="Register" time="3.768" classname="Test.BookFlight_Local"/>
  <testcase name="SignIn" time="5.625" classname="Test.BookFlight_Local"/>
  <testcase name="CreateFlight" time="51.313" classname="Test.BookFlight_Local"/>
  <testcase name="SignOff" time="0.679" classname="Test.BookFlight_Local"/>
</testsuite> <!-- Book a Flight test firefox -->
